[1mDeploying dish-db[0m
[32m==> Validating App Configuration[0m
[38;5;252m--> Validating App Configuration done[0m
Deploying image: registry.fly.io/dish-db:latest

Image ID: sha256:c14682f1a68ee9d530e33b2a042372762d73013210668f93b302d7c2f1e356aa
Image size: 702 MB
[38;5;252m--> Image resolving done[0m
[32m==> Creating deployment tag[0m
--> registry.fly.io/dish-db:deployment-1615186124
The push refers to repository [registry.fly.io/dish-db]
44390d124e26: Preparing
23a5cfad90c6: Preparing
1ca1edc73779: Preparing
f555ad06b51e: Preparing
fc19e1be0b73: Preparing
60bcfc1183c6: Preparing
07ac250faecf: Preparing
d35e132e79c9: Preparing
d9440c9007bb: Preparing
60bcfc1183c6: Waiting
07ac250faecf: Waiting
d35e132e79c9: Waiting
211bef0ff7ef: Preparing
d9440c9007bb: Waiting
6beb54759fd9: Preparing
211bef0ff7ef: Waiting
d459132f2eb1: Preparing
2d8713775ab3: Preparing
6beb54759fd9: Waiting
d459132f2eb1: Waiting
1b14c2418837: Preparing
bf435db659f0: Preparing
2d8713775ab3: Waiting
1b14c2418837: Waiting
ab6aaa4d0057: Preparing
f6a3a878bcd1: Preparing
bf435db659f0: Waiting
442199607fd2: Preparing
c333ce7ee08d: Preparing
ab6aaa4d0057: Waiting
613e12881e91: Preparing
a0f50f5ed0d0: Preparing
442199607fd2: Waiting
f6a3a878bcd1: Waiting
7fb152e6f40b: Preparing
613e12881e91: Waiting
a0f50f5ed0d0: Waiting
c333ce7ee08d: Waiting
9eb82f04c782: Preparing
9eb82f04c782: Waiting
7fb152e6f40b: Waiting
23a5cfad90c6: Layer already exists
44390d124e26: Layer already exists
60bcfc1183c6: Layer already exists
d35e132e79c9: Layer already exists
1ca1edc73779: Layer already exists
f555ad06b51e: Layer already exists
07ac250faecf: Layer already exists
fc19e1be0b73: Layer already exists
d9440c9007bb: Layer already exists
211bef0ff7ef: Layer already exists
6beb54759fd9: Layer already exists
d459132f2eb1: Layer already exists
2d8713775ab3: Layer already exists
1b14c2418837: Layer already exists
bf435db659f0: Layer already exists
f6a3a878bcd1: Layer already exists
ab6aaa4d0057: Layer already exists
442199607fd2: Layer already exists
c333ce7ee08d: Layer already exists
7fb152e6f40b: Layer already exists
9eb82f04c782: Layer already exists
613e12881e91: Layer already exists
a0f50f5ed0d0: Layer already exists
deployment-1615186124: digest: sha256:9bd55cd0896a8e35ebb03ab0732613ca338a793d1bdcd5234fd0f2c0547f0e10 size: 5137
[32m==> Creating Release[0m
[2mDeployment Strategy: rolling[0mRelease v0 created
Deploying to : dish-db.fly.dev

[1mMonitoring Deployment[0m
[2mYou can detach the terminal anytime without stopping the deployment[0m
